<?xml version="1.0" encoding="UTF-8"?>
<testng-results ignored="0" total="1" passed="1" failed="0" skipped="0">
  <reporter-output>
  </reporter-output>
  <suite started-at="2021-11-14T11:00:58 EST" name="Adhoc" finished-at="2021-11-14T11:01:04 EST" duration-ms="6964">
    <groups>
    </groups>
    <test started-at="2021-11-14T11:00:58 EST" name="Funct" finished-at="2021-11-14T11:01:04 EST" duration-ms="6964">
      <class name="comprotrainingtechorg.PracticeOfProtrainingtech.FindOfElements">
        <test-method is-config="true" signature="beforeClass(java.lang.String,java.lang.String)[pri:0, instance:comprotrainingtechorg.PracticeOfProtrainingtech.FindOfElements@4b5d6a01]" started-at="2021-11-14T11:00:58 EST" name="beforeClass" finished-at="2021-11-14T11:01:02 EST" duration-ms="4592" status="PASS">
          <params>
            <param index="0">
              <value>
                <![CDATA[Chrome]]>
              </value>
            </param>
            <param index="1">
              <value>
                <![CDATA[https://www.facebook.com]]>
              </value>
            </param>
          </params>
          <reporter-output>
          </reporter-output>
        </test-method> <!-- beforeClass -->
        <test-method signature="f()[pri:0, instance:comprotrainingtechorg.PracticeOfProtrainingtech.FindOfElements@4b5d6a01]" started-at="2021-11-14T11:01:02 EST" name="f" finished-at="2021-11-14T11:01:03 EST" duration-ms="949" status="PASS">
          <reporter-output>
          </reporter-output>
        </test-method> <!-- f -->
        <test-method is-config="true" signature="afterClass()[pri:0, instance:comprotrainingtechorg.PracticeOfProtrainingtech.FindOfElements@4b5d6a01]" started-at="2021-11-14T11:01:03 EST" name="afterClass" finished-at="2021-11-14T11:01:04 EST" duration-ms="1109" status="PASS">
          <reporter-output>
          </reporter-output>
        </test-method> <!-- afterClass -->
      </class> <!-- comprotrainingtechorg.PracticeOfProtrainingtech.FindOfElements -->
    </test> <!-- Funct -->
  </suite> <!-- Adhoc -->
</testng-results>
